2017-04-25 15:33:43.556  INFO 8804 --- [restartedMain] com.phonecompany.Application             : Starting Application on sehii with PID 8804 (/home/serhii/nc/phone-company/target/classes started by serhii in /home/serhii/nc/phone-company)
2017-04-25 15:33:43.559 DEBUG 8804 --- [restartedMain] com.phonecompany.Application             : Running with Spring Boot v1.4.4.RELEASE, Spring v4.3.6.RELEASE
2017-04-25 15:33:43.559  INFO 8804 --- [restartedMain] com.phonecompany.Application             : No active profile set, falling back to default profiles: default
2017-04-25 15:33:47.469 DEBUG 8804 --- [restartedMain] com.phonecompany.util.ConfigManager      : Getting configuration from file: datasource-config.yml
2017-04-25 15:33:47.529 DEBUG 8804 --- [restartedMain] com.phonecompany.util.ConfigManager      : All profiles from the config file: [Profile{name='prod', dataSource=DataSourceInfo{url='jdbc:postgresql://ec2-23-23-244-83.compute-1.amazonaws.com:5432/d9860gpavsh57b?user=yzrllkhondutsx&password=99ecc04560666945bc95824b30d33b575478c323076284b6e4ea39362633dd4d&ssl=true&sslfactory=org.postgresql.ssl.NonValidatingFactory', driverClassName='org.postgresql.Driver', username='yzrllkhondutsx', password='99ecc04560666945bc95824b30d33b575478c323076284b6e4ea39362633dd4d', currentSchema='null'}}, Profile{name='dev', dataSource=DataSourceInfo{url='jdbc:postgresql://localhost:5432/phone-company?user=postgres&password=1111', driverClassName='org.postgresql.Driver', username='postgres', password='1111', currentSchema='null'}}]
2017-04-25 15:33:47.530 DEBUG 8804 --- [restartedMain] com.phonecompany.util.ConfigManager      : Active profile name: prod
2017-04-25 15:33:47.536 DEBUG 8804 --- [restartedMain] com.phonecompany.util.ConfigManager      : Active profile was set to: prod
2017-04-25 15:33:47.537 DEBUG 8804 --- [restartedMain] com.phonecompany.util.ConfigManager      : The following profile settings have been read: DataSourceInfo{url='jdbc:postgresql://ec2-23-23-244-83.compute-1.amazonaws.com:5432/d9860gpavsh57b?user=yzrllkhondutsx&password=99ecc04560666945bc95824b30d33b575478c323076284b6e4ea39362633dd4d&ssl=true&sslfactory=org.postgresql.ssl.NonValidatingFactory', driverClassName='org.postgresql.Driver', username='yzrllkhondutsx', password='99ecc04560666945bc95824b30d33b575478c323076284b6e4ea39362633dd4d', currentSchema='null'}
2017-04-25 15:33:47.607 DEBUG 8804 --- [restartedMain] com.phonecompany.util.DbManager          : Setting driver class name: org.postgresql.Driver
2017-04-25 15:33:47.607 DEBUG 8804 --- [restartedMain] com.phonecompany.util.DbManager          : Setting username: yzrllkhondutsx
2017-04-25 15:33:47.608 DEBUG 8804 --- [restartedMain] com.phonecompany.util.DbManager          : Setting password: 99ecc04560666945bc95824b30d33b575478c323076284b6e4ea39362633dd4d
2017-04-25 15:33:47.608 DEBUG 8804 --- [restartedMain] com.phonecompany.util.DbManager          : Setting url: jdbc:postgresql://ec2-23-23-244-83.compute-1.amazonaws.com:5432/d9860gpavsh57b?user=yzrllkhondutsx&password=99ecc04560666945bc95824b30d33b575478c323076284b6e4ea39362633dd4d&ssl=true&sslfactory=org.postgresql.ssl.NonValidatingFactory
2017-04-25 15:33:47.608 DEBUG 8804 --- [restartedMain] com.phonecompany.util.DbManager          : Setting max pool size to: 20
2017-04-25 15:33:49.944  INFO 8804 --- [restartedMain] com.phonecompany.Application             : Started Application in 6.951 seconds (JVM running for 7.756)
2017-04-26 19:09:06.325  INFO 4968 --- [restartedMain] com.phonecompany.Application             : Starting Application on nik9str-ПК with PID 4968 (started by nik9str in D:\Cloud Services\Dropbox\Робота\PhoneCompany\phone-company)
2017-04-26 19:09:06.328 DEBUG 4968 --- [restartedMain] com.phonecompany.Application             : Running with Spring Boot v1.4.4.RELEASE, Spring v4.3.6.RELEASE
2017-04-26 19:09:06.328  INFO 4968 --- [restartedMain] com.phonecompany.Application             : No active profile set, falling back to default profiles: default
2017-04-26 19:09:15.807 DEBUG 4968 --- [restartedMain] com.phonecompany.util.ConfigManager      : Getting configuration from file: datasource-config.yml
2017-04-26 19:09:15.956 DEBUG 4968 --- [restartedMain] com.phonecompany.util.ConfigManager      : All profiles from the config file: [Profile{name='prod', dataSource=DataSourceInfo{url='jdbc:postgresql://ec2-23-23-244-83.compute-1.amazonaws.com:5432/d9860gpavsh57b?user=yzrllkhondutsx&password=99ecc04560666945bc95824b30d33b575478c323076284b6e4ea39362633dd4d&ssl=true&sslfactory=org.postgresql.ssl.NonValidatingFactory', driverClassName='org.postgresql.Driver', username='yzrllkhondutsx', password='99ecc04560666945bc95824b30d33b575478c323076284b6e4ea39362633dd4d', currentSchema='null'}}, Profile{name='dev', dataSource=DataSourceInfo{url='jdbc:postgresql://localhost:5432/phone-company?user=postgres&password=1111', driverClassName='org.postgresql.Driver', username='postgres', password='1111', currentSchema='null'}}]
2017-04-26 19:09:15.958 DEBUG 4968 --- [restartedMain] com.phonecompany.util.ConfigManager      : Active profile name: prod
2017-04-26 19:09:15.966 DEBUG 4968 --- [restartedMain] com.phonecompany.util.ConfigManager      : Active profile was set to: prod
2017-04-26 19:09:15.967 DEBUG 4968 --- [restartedMain] com.phonecompany.util.ConfigManager      : The following profile settings have been read: DataSourceInfo{url='jdbc:postgresql://ec2-23-23-244-83.compute-1.amazonaws.com:5432/d9860gpavsh57b?user=yzrllkhondutsx&password=99ecc04560666945bc95824b30d33b575478c323076284b6e4ea39362633dd4d&ssl=true&sslfactory=org.postgresql.ssl.NonValidatingFactory', driverClassName='org.postgresql.Driver', username='yzrllkhondutsx', password='99ecc04560666945bc95824b30d33b575478c323076284b6e4ea39362633dd4d', currentSchema='null'}
2017-04-26 19:09:16.263 DEBUG 4968 --- [restartedMain] com.phonecompany.util.DbManager          : Setting driver class name: org.postgresql.Driver
2017-04-26 19:09:16.264 DEBUG 4968 --- [restartedMain] com.phonecompany.util.DbManager          : Setting username: yzrllkhondutsx
2017-04-26 19:09:16.264 DEBUG 4968 --- [restartedMain] com.phonecompany.util.DbManager          : Setting password: 99ecc04560666945bc95824b30d33b575478c323076284b6e4ea39362633dd4d
2017-04-26 19:09:16.264 DEBUG 4968 --- [restartedMain] com.phonecompany.util.DbManager          : Setting url: jdbc:postgresql://ec2-23-23-244-83.compute-1.amazonaws.com:5432/d9860gpavsh57b?user=yzrllkhondutsx&password=99ecc04560666945bc95824b30d33b575478c323076284b6e4ea39362633dd4d&ssl=true&sslfactory=org.postgresql.ssl.NonValidatingFactory
2017-04-26 19:09:16.264 DEBUG 4968 --- [restartedMain] com.phonecompany.util.DbManager          : Setting max pool size to: 20
2017-04-26 19:09:20.525  INFO 4968 --- [restartedMain] com.phonecompany.Application             : Started Application in 15.871 seconds (JVM running for 17.769)
2017-04-26 19:11:19.249 DEBUG 4968 --- [http-nio-8090-exec-5] c.p.service.UserDetailsServiceImpl       : Try login: csr@gmail.com
2017-04-26 19:11:20.772 DEBUG 4968 --- [http-nio-8090-exec-5] c.p.service.UserDetailsServiceImpl       : User found by email: User{email='csr@gmail.com', password='dc76e9f0c0006e8f919e0c515c66dbba3982f785', role=CSR, status=ACTIVATED} DomainEntity{id=27}
2017-04-26 19:11:20.773 DEBUG 4968 --- [http-nio-8090-exec-5] c.p.service.UserDetailsServiceImpl       : User role: CSR
2017-04-26 19:11:20.819 DEBUG 4968 --- [http-nio-8090-exec-7] c.p.controller.UserController            : About to fetch currently logged in role
2017-04-26 19:11:22.546 DEBUG 4968 --- [http-nio-8090-exec-1] c.p.controller.TariffController          : Get all regions.
2017-04-26 19:11:22.625 DEBUG 4968 --- [http-nio-8090-exec-2] c.p.controller.TariffController          : Get all tariffs by region id = 0
2017-04-26 19:11:37.704 DEBUG 4968 --- [http-nio-8090-exec-10] c.p.controller.TariffController          : Get all tariffs by region id = 0
2017-04-26 19:11:38.389 DEBUG 4968 --- [http-nio-8090-exec-3] c.p.controller.TariffController          : Get all regions.
2017-04-26 19:11:38.390 DEBUG 4968 --- [http-nio-8090-exec-1] c.p.controller.TariffController          : Get all tariffs by region id = 0
2017-04-26 19:11:47.195 DEBUG 4968 --- [http-nio-8090-exec-4] c.p.controller.TariffController          : Get all tariffs by region id = 0
2017-04-26 19:11:50.139 DEBUG 4968 --- [http-nio-8090-exec-6] c.p.controller.TariffController          : Get all tariffs by region id = 0
2017-04-26 19:11:57.668 DEBUG 4968 --- [http-nio-8090-exec-5] c.p.controller.TariffController          : Get all tariffs by region id = 0
2017-04-26 19:22:10.802  INFO 8764 --- [restartedMain] com.phonecompany.Application             : Starting Application on nik9str-ПК with PID 8764 (started by nik9str in D:\Cloud Services\Dropbox\Робота\PhoneCompany\phone-company)
2017-04-26 19:22:10.806 DEBUG 8764 --- [restartedMain] com.phonecompany.Application             : Running with Spring Boot v1.4.4.RELEASE, Spring v4.3.6.RELEASE
2017-04-26 19:22:10.807  INFO 8764 --- [restartedMain] com.phonecompany.Application             : No active profile set, falling back to default profiles: default
2017-04-26 19:22:14.993 DEBUG 8764 --- [restartedMain] com.phonecompany.util.ConfigManager      : Getting configuration from file: datasource-config.yml
2017-04-26 19:22:15.087 DEBUG 8764 --- [restartedMain] com.phonecompany.util.ConfigManager      : All profiles from the config file: [Profile{name='prod', dataSource=DataSourceInfo{url='jdbc:postgresql://ec2-23-23-244-83.compute-1.amazonaws.com:5432/d9860gpavsh57b?user=yzrllkhondutsx&password=99ecc04560666945bc95824b30d33b575478c323076284b6e4ea39362633dd4d&ssl=true&sslfactory=org.postgresql.ssl.NonValidatingFactory', driverClassName='org.postgresql.Driver', username='yzrllkhondutsx', password='99ecc04560666945bc95824b30d33b575478c323076284b6e4ea39362633dd4d', currentSchema='null'}}, Profile{name='dev', dataSource=DataSourceInfo{url='jdbc:postgresql://localhost:5432/phone-company?user=postgres&password=1111', driverClassName='org.postgresql.Driver', username='postgres', password='1111', currentSchema='null'}}]
2017-04-26 19:22:15.090 DEBUG 8764 --- [restartedMain] com.phonecompany.util.ConfigManager      : Active profile name: prod
2017-04-26 19:22:15.100 DEBUG 8764 --- [restartedMain] com.phonecompany.util.ConfigManager      : Active profile was set to: prod
2017-04-26 19:22:15.100 DEBUG 8764 --- [restartedMain] com.phonecompany.util.ConfigManager      : The following profile settings have been read: DataSourceInfo{url='jdbc:postgresql://ec2-23-23-244-83.compute-1.amazonaws.com:5432/d9860gpavsh57b?user=yzrllkhondutsx&password=99ecc04560666945bc95824b30d33b575478c323076284b6e4ea39362633dd4d&ssl=true&sslfactory=org.postgresql.ssl.NonValidatingFactory', driverClassName='org.postgresql.Driver', username='yzrllkhondutsx', password='99ecc04560666945bc95824b30d33b575478c323076284b6e4ea39362633dd4d', currentSchema='null'}
2017-04-26 19:22:15.370 DEBUG 8764 --- [restartedMain] com.phonecompany.util.DbManager          : Setting driver class name: org.postgresql.Driver
2017-04-26 19:22:15.371 DEBUG 8764 --- [restartedMain] com.phonecompany.util.DbManager          : Setting username: yzrllkhondutsx
2017-04-26 19:22:15.371 DEBUG 8764 --- [restartedMain] com.phonecompany.util.DbManager          : Setting password: 99ecc04560666945bc95824b30d33b575478c323076284b6e4ea39362633dd4d
2017-04-26 19:22:15.371 DEBUG 8764 --- [restartedMain] com.phonecompany.util.DbManager          : Setting url: jdbc:postgresql://ec2-23-23-244-83.compute-1.amazonaws.com:5432/d9860gpavsh57b?user=yzrllkhondutsx&password=99ecc04560666945bc95824b30d33b575478c323076284b6e4ea39362633dd4d&ssl=true&sslfactory=org.postgresql.ssl.NonValidatingFactory
2017-04-26 19:22:15.372 DEBUG 8764 --- [restartedMain] com.phonecompany.util.DbManager          : Setting max pool size to: 20
2017-04-26 19:22:19.028  INFO 8764 --- [restartedMain] com.phonecompany.Application             : Started Application in 8.873 seconds (JVM running for 9.599)
2017-04-26 19:23:46.343 DEBUG 8764 --- [http-nio-8090-exec-10] c.p.controller.TariffController          : Get all regions.
2017-04-26 19:24:12.652 DEBUG 8764 --- [http-nio-8090-exec-1] c.p.service.UserDetailsServiceImpl       : Try login: csr@gmail.com
2017-04-26 19:24:12.799 DEBUG 8764 --- [http-nio-8090-exec-1] c.p.service.UserDetailsServiceImpl       : User found by email: User{email='csr@gmail.com', password='dc76e9f0c0006e8f919e0c515c66dbba3982f785', role=CSR, status=ACTIVATED} DomainEntity{id=27}
2017-04-26 19:24:12.800 DEBUG 8764 --- [http-nio-8090-exec-1] c.p.service.UserDetailsServiceImpl       : User role: CSR
2017-04-26 19:24:12.821 DEBUG 8764 --- [http-nio-8090-exec-6] c.p.controller.UserController            : About to fetch currently logged in role
2017-04-26 19:24:14.983 DEBUG 8764 --- [http-nio-8090-exec-9] c.p.controller.TariffController          : Get all regions.
2017-04-26 19:24:14.991 DEBUG 8764 --- [http-nio-8090-exec-3] c.p.controller.TariffController          : Get all tariffs by region id = 0
2017-04-26 19:24:19.538 DEBUG 8764 --- [http-nio-8090-exec-2] c.p.controller.TariffController          : Get all tariffs by region id = 0
2017-04-26 19:24:20.142 DEBUG 8764 --- [http-nio-8090-exec-5] c.p.controller.TariffController          : Get all regions.
2017-04-26 19:24:20.143 DEBUG 8764 --- [http-nio-8090-exec-4] c.p.controller.TariffController          : Get all tariffs by region id = 0
2017-04-26 19:24:25.033 DEBUG 8764 --- [http-nio-8090-exec-1] c.p.controller.TariffController          : Get all tariffs by region id = 0
2017-04-26 19:24:30.432 DEBUG 8764 --- [http-nio-8090-exec-6] c.p.controller.TariffController          : Get all tariffs by region id = 0
2017-04-26 19:24:34.206 DEBUG 8764 --- [http-nio-8090-exec-9] c.p.controller.ServicesController        : Fetching services for the product category with an id: 0
2017-04-26 19:24:34.343 DEBUG 8764 --- [http-nio-8090-exec-8] c.p.controller.ServicesController        : All the product categories: [ProductCategory{categoryName='Internet package', units='GB'} DomainEntity{id=1}, ProductCategory{categoryName='SMS/MMS', units=''} DomainEntity{id=2}, ProductCategory{categoryName='Useful services', units=''} DomainEntity{id=3}]
2017-04-26 19:24:35.004 DEBUG 8764 --- [http-nio-8090-exec-9] c.p.service.ServiceServiceImpl           : Fetched services: [Service{productCategory=ProductCategory{categoryName='SMS/MMS', units=''} DomainEntity{id=2}, serviceName='100 SMS', price=16.99, productStatus=DEACTIVATED, discount=1.0} DomainEntity{id=6}, Service{productCategory=ProductCategory{categoryName='Useful services', units=''} DomainEntity{id=3}, serviceName='Calling Line Identification Restriction (CLIR)', price=20.99, productStatus=ACTIVATED, discount=1.0} DomainEntity{id=10}, Service{productCategory=ProductCategory{categoryName='Internet package', units='GB'} DomainEntity{id=1}, serviceName='3G ONLINE 0.5GB', price=24.99, productStatus=DEACTIVATED, discount=1.0} DomainEntity{id=4}, Service{productCategory=ProductCategory{categoryName='SMS/MMS', units=''} DomainEntity{id=2}, serviceName='500 SMS', price=50.99, productStatus=ACTIVATED, discount=1.0} DomainEntity{id=8}, Service{productCategory=ProductCategory{categoryName='SMS/MMS', units=''} DomainEntity{id=2}, serviceName='Bulk SMS', price=95.99, productStatus=ACTIVATED, discount=1.0} DomainEntity{id=9}]
2017-04-26 19:24:37.604 DEBUG 8764 --- [http-nio-8090-exec-2] c.p.controller.ServicesController        : Fetching services for the product category with an id: 0
2017-04-26 19:24:38.378 DEBUG 8764 --- [http-nio-8090-exec-2] c.p.service.ServiceServiceImpl           : Fetched services: [Service{productCategory=ProductCategory{categoryName='Internet package', units='GB'} DomainEntity{id=1}, serviceName='3G ONLINE 500MB', price=25.99, productStatus=DEACTIVATED, discount=1.0} DomainEntity{id=1}, Service{productCategory=ProductCategory{categoryName='Internet package', units='GB'} DomainEntity{id=1}, serviceName='3G ONLINE 10GB', price=30.99, productStatus=ACTIVATED, discount=0.0} DomainEntity{id=5}, Service{productCategory=ProductCategory{categoryName='Useful services', units=''} DomainEntity{id=3}, serviceName='Meloring', price=16.99, productStatus=ACTIVATED, discount=1.0} DomainEntity{id=12}, Service{productCategory=ProductCategory{categoryName='SMS/MMS', units=''} DomainEntity{id=2}, serviceName='250 SMS', price=40.99, productStatus=DEACTIVATED, discount=1.0} DomainEntity{id=7}, Service{productCategory=ProductCategory{categoryName='Useful services', units=''} DomainEntity{id=3}, serviceName='Hidden number identifier', price=31.99, productStatus=ACTIVATED, discount=1.0} DomainEntity{id=11}]
2017-04-26 19:24:40.752 DEBUG 8764 --- [http-nio-8090-exec-10] c.p.controller.ServicesController        : Fetching services for the product category with an id: 0
2017-04-26 19:24:41.139 DEBUG 8764 --- [http-nio-8090-exec-10] c.p.service.ServiceServiceImpl           : Fetched services: [Service{productCategory=ProductCategory{categoryName='Internet package', units='GB'} DomainEntity{id=1}, serviceName='3G ONLINE 2GB', price=31.99, productStatus=ACTIVATED, discount=0.8} DomainEntity{id=3}, Service{productCategory=ProductCategory{categoryName='Internet package', units='GB'} DomainEntity{id=1}, serviceName='3G ONLINE 1GB', price=30.99, productStatus=ACTIVATED, discount=1.0} DomainEntity{id=2}]
2017-04-26 19:24:44.684 DEBUG 8764 --- [http-nio-8090-exec-5] c.p.controller.ServicesController        : Fetching services for the product category with an id: 0
2017-04-26 19:24:46.399 DEBUG 8764 --- [http-nio-8090-exec-5] c.p.service.ServiceServiceImpl           : Fetched services: [Service{productCategory=ProductCategory{categoryName='SMS/MMS', units=''} DomainEntity{id=2}, serviceName='100 SMS', price=16.99, productStatus=DEACTIVATED, discount=1.0} DomainEntity{id=6}, Service{productCategory=ProductCategory{categoryName='Useful services', units=''} DomainEntity{id=3}, serviceName='Calling Line Identification Restriction (CLIR)', price=20.99, productStatus=ACTIVATED, discount=1.0} DomainEntity{id=10}, Service{productCategory=ProductCategory{categoryName='Internet package', units='GB'} DomainEntity{id=1}, serviceName='3G ONLINE 0.5GB', price=24.99, productStatus=DEACTIVATED, discount=1.0} DomainEntity{id=4}, Service{productCategory=ProductCategory{categoryName='SMS/MMS', units=''} DomainEntity{id=2}, serviceName='500 SMS', price=50.99, productStatus=ACTIVATED, discount=1.0} DomainEntity{id=8}, Service{productCategory=ProductCategory{categoryName='SMS/MMS', units=''} DomainEntity{id=2}, serviceName='Bulk SMS', price=95.99, productStatus=ACTIVATED, discount=1.0} DomainEntity{id=9}, Service{productCategory=ProductCategory{categoryName='Internet package', units='GB'} DomainEntity{id=1}, serviceName='3G ONLINE 500MB', price=25.99, productStatus=DEACTIVATED, discount=1.0} DomainEntity{id=1}, Service{productCategory=ProductCategory{categoryName='Internet package', units='GB'} DomainEntity{id=1}, serviceName='3G ONLINE 10GB', price=30.99, productStatus=ACTIVATED, discount=0.0} DomainEntity{id=5}, Service{productCategory=ProductCategory{categoryName='Useful services', units=''} DomainEntity{id=3}, serviceName='Meloring', price=16.99, productStatus=ACTIVATED, discount=1.0} DomainEntity{id=12}, Service{productCategory=ProductCategory{categoryName='SMS/MMS', units=''} DomainEntity{id=2}, serviceName='250 SMS', price=40.99, productStatus=DEACTIVATED, discount=1.0} DomainEntity{id=7}, Service{productCategory=ProductCategory{categoryName='Useful services', units=''} DomainEntity{id=3}, serviceName='Hidden number identifier', price=31.99, productStatus=ACTIVATED, discount=1.0} DomainEntity{id=11}, Service{productCategory=ProductCategory{categoryName='Internet package', units='GB'} DomainEntity{id=1}, serviceName='3G ONLINE 2GB', price=31.99, productStatus=ACTIVATED, discount=0.8} DomainEntity{id=3}, Service{productCategory=ProductCategory{categoryName='Internet package', units='GB'} DomainEntity{id=1}, serviceName='3G ONLINE 1GB', price=30.99, productStatus=ACTIVATED, discount=1.0} DomainEntity{id=2}]
2017-04-27 15:30:34.892  INFO 9536 --- [restartedMain] com.phonecompany.Application             : Starting Application on nik9str-ПК with PID 9536 (started by nik9str in D:\Cloud Services\Dropbox\Робота\PhoneCompany\phone-company)
2017-04-27 15:30:34.897 DEBUG 9536 --- [restartedMain] com.phonecompany.Application             : Running with Spring Boot v1.4.4.RELEASE, Spring v4.3.6.RELEASE
2017-04-27 15:30:34.897  INFO 9536 --- [restartedMain] com.phonecompany.Application             : No active profile set, falling back to default profiles: default
2017-04-27 15:30:46.122 DEBUG 9536 --- [restartedMain] com.phonecompany.util.ConfigManager      : Getting configuration from file: datasource-config.yml
2017-04-27 15:30:46.347 DEBUG 9536 --- [restartedMain] com.phonecompany.util.ConfigManager      : All profiles from the config file: [Profile{name='prod', dataSource=DataSourceInfo{url='jdbc:postgresql://ec2-23-23-244-83.compute-1.amazonaws.com:5432/d9860gpavsh57b?user=yzrllkhondutsx&password=99ecc04560666945bc95824b30d33b575478c323076284b6e4ea39362633dd4d&ssl=true&sslfactory=org.postgresql.ssl.NonValidatingFactory', driverClassName='org.postgresql.Driver', username='yzrllkhondutsx', password='99ecc04560666945bc95824b30d33b575478c323076284b6e4ea39362633dd4d', currentSchema='null'}}, Profile{name='dev', dataSource=DataSourceInfo{url='jdbc:postgresql://localhost:5432/phone-company?user=postgres&password=1111', driverClassName='org.postgresql.Driver', username='postgres', password='1111', currentSchema='null'}}]
2017-04-27 15:30:46.350 DEBUG 9536 --- [restartedMain] com.phonecompany.util.ConfigManager      : Active profile name: prod
2017-04-27 15:30:46.407 DEBUG 9536 --- [restartedMain] com.phonecompany.util.ConfigManager      : Active profile was set to: prod
2017-04-27 15:30:46.408 DEBUG 9536 --- [restartedMain] com.phonecompany.util.ConfigManager      : The following profile settings have been read: DataSourceInfo{url='jdbc:postgresql://ec2-23-23-244-83.compute-1.amazonaws.com:5432/d9860gpavsh57b?user=yzrllkhondutsx&password=99ecc04560666945bc95824b30d33b575478c323076284b6e4ea39362633dd4d&ssl=true&sslfactory=org.postgresql.ssl.NonValidatingFactory', driverClassName='org.postgresql.Driver', username='yzrllkhondutsx', password='99ecc04560666945bc95824b30d33b575478c323076284b6e4ea39362633dd4d', currentSchema='null'}
2017-04-27 15:30:46.967 DEBUG 9536 --- [restartedMain] com.phonecompany.util.DbManager          : Setting driver class name: org.postgresql.Driver
2017-04-27 15:30:46.968 DEBUG 9536 --- [restartedMain] com.phonecompany.util.DbManager          : Setting username: yzrllkhondutsx
2017-04-27 15:30:46.968 DEBUG 9536 --- [restartedMain] com.phonecompany.util.DbManager          : Setting password: 99ecc04560666945bc95824b30d33b575478c323076284b6e4ea39362633dd4d
2017-04-27 15:30:46.968 DEBUG 9536 --- [restartedMain] com.phonecompany.util.DbManager          : Setting url: jdbc:postgresql://ec2-23-23-244-83.compute-1.amazonaws.com:5432/d9860gpavsh57b?user=yzrllkhondutsx&password=99ecc04560666945bc95824b30d33b575478c323076284b6e4ea39362633dd4d&ssl=true&sslfactory=org.postgresql.ssl.NonValidatingFactory
2017-04-27 15:30:46.969 DEBUG 9536 --- [restartedMain] com.phonecompany.util.DbManager          : Setting max pool size to: 20
2017-04-27 15:30:52.855  INFO 9536 --- [restartedMain] com.phonecompany.Application             : Started Application in 19.832 seconds (JVM running for 22.416)
2017-04-27 15:31:16.359 DEBUG 9536 --- [http-nio-8090-exec-2] c.p.service.UserDetailsServiceImpl       : Try login: csr@gmail.com
2017-04-27 15:31:18.678 DEBUG 9536 --- [http-nio-8090-exec-2] c.p.service.UserDetailsServiceImpl       : User found by email: User{email='csr@gmail.com', password='dc76e9f0c0006e8f919e0c515c66dbba3982f785', role=CSR, status=ACTIVATED} DomainEntity{id=27}
2017-04-27 15:31:18.678 DEBUG 9536 --- [http-nio-8090-exec-2] c.p.service.UserDetailsServiceImpl       : User role: CSR
2017-04-27 15:31:18.724 DEBUG 9536 --- [http-nio-8090-exec-1] c.p.controller.UserController            : About to fetch currently logged in role
2017-04-27 15:32:30.456 DEBUG 9536 --- [http-nio-8090-exec-9] c.p.controller.ServicesController        : Fetching services for the product category with an id: 0
2017-04-27 15:32:31.251 DEBUG 9536 --- [http-nio-8090-exec-9] c.p.service.ServiceServiceImpl           : Fetched services: [Service{productCategory=ProductCategory{categoryName='SMS/MMS', units=''} DomainEntity{id=2}, serviceName='100 SMS', price=16.99, productStatus=DEACTIVATED, discount=1.0} DomainEntity{id=6}, Service{productCategory=ProductCategory{categoryName='Useful services', units=''} DomainEntity{id=3}, serviceName='Calling Line Identification Restriction (CLIR)', price=20.99, productStatus=ACTIVATED, discount=1.0} DomainEntity{id=10}, Service{productCategory=ProductCategory{categoryName='Internet package', units='GB'} DomainEntity{id=1}, serviceName='3G ONLINE 0.5GB', price=24.99, productStatus=DEACTIVATED, discount=1.0} DomainEntity{id=4}, Service{productCategory=ProductCategory{categoryName='SMS/MMS', units=''} DomainEntity{id=2}, serviceName='500 SMS', price=50.99, productStatus=ACTIVATED, discount=1.0} DomainEntity{id=8}, Service{productCategory=ProductCategory{categoryName='SMS/MMS', units=''} DomainEntity{id=2}, serviceName='Bulk SMS', price=95.99, productStatus=ACTIVATED, discount=1.0} DomainEntity{id=9}]
2017-04-27 15:32:31.674 DEBUG 9536 --- [http-nio-8090-exec-2] c.p.controller.ServicesController        : All the product categories: [ProductCategory{categoryName='Internet package', units='GB'} DomainEntity{id=1}, ProductCategory{categoryName='SMS/MMS', units=''} DomainEntity{id=2}, ProductCategory{categoryName='Useful services', units=''} DomainEntity{id=3}]
2017-04-27 15:33:08.456 DEBUG 9536 --- [http-nio-8090-exec-1] c.p.controller.TariffController          : Get all regions.
2017-04-27 15:33:08.459 DEBUG 9536 --- [http-nio-8090-exec-7] c.p.controller.TariffController          : Get all tariffs by region id = 0
2017-04-27 15:33:51.777  INFO 4584 --- [restartedMain] com.phonecompany.Application             : Starting Application on nik9str-ПК with PID 4584 (started by nik9str in D:\Cloud Services\Dropbox\Робота\PhoneCompany\phone-company)
2017-04-27 15:33:51.784 DEBUG 4584 --- [restartedMain] com.phonecompany.Application             : Running with Spring Boot v1.4.4.RELEASE, Spring v4.3.6.RELEASE
2017-04-27 15:33:51.785  INFO 4584 --- [restartedMain] com.phonecompany.Application             : No active profile set, falling back to default profiles: default
2017-04-27 15:33:57.753 DEBUG 4584 --- [restartedMain] com.phonecompany.util.ConfigManager      : Getting configuration from file: datasource-config.yml
2017-04-27 15:33:57.861 DEBUG 4584 --- [restartedMain] com.phonecompany.util.ConfigManager      : All profiles from the config file: [Profile{name='prod', dataSource=DataSourceInfo{url='jdbc:postgresql://ec2-23-23-244-83.compute-1.amazonaws.com:5432/d9860gpavsh57b?user=yzrllkhondutsx&password=99ecc04560666945bc95824b30d33b575478c323076284b6e4ea39362633dd4d&ssl=true&sslfactory=org.postgresql.ssl.NonValidatingFactory', driverClassName='org.postgresql.Driver', username='yzrllkhondutsx', password='99ecc04560666945bc95824b30d33b575478c323076284b6e4ea39362633dd4d', currentSchema='null'}}, Profile{name='dev', dataSource=DataSourceInfo{url='jdbc:postgresql://localhost:5432/phone-company?user=postgres&password=1111', driverClassName='org.postgresql.Driver', username='postgres', password='1111', currentSchema='null'}}]
2017-04-27 15:33:57.865 DEBUG 4584 --- [restartedMain] com.phonecompany.util.ConfigManager      : Active profile name: prod
2017-04-27 15:33:57.876 DEBUG 4584 --- [restartedMain] com.phonecompany.util.ConfigManager      : Active profile was set to: prod
2017-04-27 15:33:57.877 DEBUG 4584 --- [restartedMain] com.phonecompany.util.ConfigManager      : The following profile settings have been read: DataSourceInfo{url='jdbc:postgresql://ec2-23-23-244-83.compute-1.amazonaws.com:5432/d9860gpavsh57b?user=yzrllkhondutsx&password=99ecc04560666945bc95824b30d33b575478c323076284b6e4ea39362633dd4d&ssl=true&sslfactory=org.postgresql.ssl.NonValidatingFactory', driverClassName='org.postgresql.Driver', username='yzrllkhondutsx', password='99ecc04560666945bc95824b30d33b575478c323076284b6e4ea39362633dd4d', currentSchema='null'}
2017-04-27 15:33:58.206 DEBUG 4584 --- [restartedMain] com.phonecompany.util.DbManager          : Setting driver class name: org.postgresql.Driver
2017-04-27 15:33:58.207 DEBUG 4584 --- [restartedMain] com.phonecompany.util.DbManager          : Setting username: yzrllkhondutsx
2017-04-27 15:33:58.207 DEBUG 4584 --- [restartedMain] com.phonecompany.util.DbManager          : Setting password: 99ecc04560666945bc95824b30d33b575478c323076284b6e4ea39362633dd4d
2017-04-27 15:33:58.208 DEBUG 4584 --- [restartedMain] com.phonecompany.util.DbManager          : Setting url: jdbc:postgresql://ec2-23-23-244-83.compute-1.amazonaws.com:5432/d9860gpavsh57b?user=yzrllkhondutsx&password=99ecc04560666945bc95824b30d33b575478c323076284b6e4ea39362633dd4d&ssl=true&sslfactory=org.postgresql.ssl.NonValidatingFactory
2017-04-27 15:33:58.208 DEBUG 4584 --- [restartedMain] com.phonecompany.util.DbManager          : Setting max pool size to: 20
2017-04-27 15:34:03.430  INFO 4584 --- [restartedMain] com.phonecompany.Application             : Started Application in 12.743 seconds (JVM running for 13.589)
2017-04-27 15:34:43.977 DEBUG 4584 --- [http-nio-8090-exec-4] c.p.controller.TariffController          : Get all regions.
2017-04-27 15:34:49.626 DEBUG 4584 --- [http-nio-8090-exec-6] c.p.service.UserDetailsServiceImpl       : Try login: csr@gmail.com
2017-04-27 15:34:49.782 DEBUG 4584 --- [http-nio-8090-exec-6] c.p.service.UserDetailsServiceImpl       : User found by email: User{email='csr@gmail.com', password='dc76e9f0c0006e8f919e0c515c66dbba3982f785', role=CSR, status=ACTIVATED} DomainEntity{id=27}
2017-04-27 15:34:49.783 DEBUG 4584 --- [http-nio-8090-exec-6] c.p.service.UserDetailsServiceImpl       : User role: CSR
2017-04-27 15:34:49.796 DEBUG 4584 --- [http-nio-8090-exec-5] c.p.controller.UserController            : About to fetch currently logged in role
2017-04-27 15:36:07.368 DEBUG 4584 --- [http-nio-8090-exec-4] c.p.controller.TariffController          : Get all regions.
2017-04-27 15:36:07.374 DEBUG 4584 --- [http-nio-8090-exec-6] c.p.controller.TariffController          : Get all tariffs by region id = 0
2017-04-27 15:36:11.273 DEBUG 4584 --- [http-nio-8090-exec-10] c.p.controller.TariffController          : Get all regions.
2017-04-27 15:36:11.275 DEBUG 4584 --- [http-nio-8090-exec-1] c.p.controller.TariffController          : Get all tariffs by region id = 0
2017-04-27 15:38:30.671 DEBUG 4584 --- [http-nio-8090-exec-6] c.p.controller.TariffController          : Get all regions.
2017-04-27 15:38:30.672 DEBUG 4584 --- [http-nio-8090-exec-3] c.p.controller.TariffController          : Get all tariffs by region id = 0
2017-04-27 16:50:44.751  INFO 8232 --- [restartedMain] com.phonecompany.Application             : Starting Application on nik9str-ПК with PID 8232 (started by nik9str in D:\Cloud Services\Dropbox\Робота\PhoneCompany\phone-company)
2017-04-27 16:50:44.754 DEBUG 8232 --- [restartedMain] com.phonecompany.Application             : Running with Spring Boot v1.4.4.RELEASE, Spring v4.3.6.RELEASE
2017-04-27 16:50:44.754  INFO 8232 --- [restartedMain] com.phonecompany.Application             : No active profile set, falling back to default profiles: default
2017-04-27 16:50:53.693 DEBUG 8232 --- [restartedMain] com.phonecompany.util.ConfigManager      : Getting configuration from file: datasource-config.yml
2017-04-27 16:50:53.825 DEBUG 8232 --- [restartedMain] com.phonecompany.util.ConfigManager      : All profiles from the config file: [Profile{name='prod', dataSource=DataSourceInfo{url='jdbc:postgresql://ec2-23-23-244-83.compute-1.amazonaws.com:5432/d9860gpavsh57b?user=yzrllkhondutsx&password=99ecc04560666945bc95824b30d33b575478c323076284b6e4ea39362633dd4d&ssl=true&sslfactory=org.postgresql.ssl.NonValidatingFactory', driverClassName='org.postgresql.Driver', username='yzrllkhondutsx', password='99ecc04560666945bc95824b30d33b575478c323076284b6e4ea39362633dd4d', currentSchema='null'}}, Profile{name='dev', dataSource=DataSourceInfo{url='jdbc:postgresql://localhost:5432/phone-company?user=postgres&password=1111', driverClassName='org.postgresql.Driver', username='postgres', password='1111', currentSchema='null'}}]
2017-04-27 16:50:53.838 DEBUG 8232 --- [restartedMain] com.phonecompany.util.ConfigManager      : Active profile name: prod
2017-04-27 16:50:53.895 DEBUG 8232 --- [restartedMain] com.phonecompany.util.ConfigManager      : Active profile was set to: prod
2017-04-27 16:50:53.895 DEBUG 8232 --- [restartedMain] com.phonecompany.util.ConfigManager      : The following profile settings have been read: DataSourceInfo{url='jdbc:postgresql://ec2-23-23-244-83.compute-1.amazonaws.com:5432/d9860gpavsh57b?user=yzrllkhondutsx&password=99ecc04560666945bc95824b30d33b575478c323076284b6e4ea39362633dd4d&ssl=true&sslfactory=org.postgresql.ssl.NonValidatingFactory', driverClassName='org.postgresql.Driver', username='yzrllkhondutsx', password='99ecc04560666945bc95824b30d33b575478c323076284b6e4ea39362633dd4d', currentSchema='null'}
2017-04-27 16:50:54.217 DEBUG 8232 --- [restartedMain] com.phonecompany.util.DbManager          : Setting driver class name: org.postgresql.Driver
2017-04-27 16:50:54.217 DEBUG 8232 --- [restartedMain] com.phonecompany.util.DbManager          : Setting username: yzrllkhondutsx
2017-04-27 16:50:54.217 DEBUG 8232 --- [restartedMain] com.phonecompany.util.DbManager          : Setting password: 99ecc04560666945bc95824b30d33b575478c323076284b6e4ea39362633dd4d
2017-04-27 16:50:54.217 DEBUG 8232 --- [restartedMain] com.phonecompany.util.DbManager          : Setting url: jdbc:postgresql://ec2-23-23-244-83.compute-1.amazonaws.com:5432/d9860gpavsh57b?user=yzrllkhondutsx&password=99ecc04560666945bc95824b30d33b575478c323076284b6e4ea39362633dd4d&ssl=true&sslfactory=org.postgresql.ssl.NonValidatingFactory
2017-04-27 16:50:54.217 DEBUG 8232 --- [restartedMain] com.phonecompany.util.DbManager          : Setting max pool size to: 20
2017-04-27 16:50:58.554  INFO 8232 --- [restartedMain] com.phonecompany.Application             : Started Application in 15.582 seconds (JVM running for 18.199)
2017-04-27 16:53:05.700 DEBUG 8232 --- [http-nio-8090-exec-6] c.p.controller.TariffController          : Get all regions.
2017-04-27 16:53:14.477 DEBUG 8232 --- [http-nio-8090-exec-2] c.p.service.UserDetailsServiceImpl       : Try login: csr@gmail.com
2017-04-27 16:53:14.654 DEBUG 8232 --- [http-nio-8090-exec-2] c.p.service.UserDetailsServiceImpl       : User found by email: User{email='csr@gmail.com', password='dc76e9f0c0006e8f919e0c515c66dbba3982f785', role=CSR, status=ACTIVATED} DomainEntity{id=27}
2017-04-27 16:53:14.655 DEBUG 8232 --- [http-nio-8090-exec-2] c.p.service.UserDetailsServiceImpl       : User role: CSR
2017-04-27 16:53:14.668 DEBUG 8232 --- [http-nio-8090-exec-1] c.p.controller.UserController            : About to fetch currently logged in role
2017-04-27 17:19:57.838  INFO 5096 --- [restartedMain] com.phonecompany.Application             : Starting Application on nik9str-ПК with PID 5096 (started by nik9str in D:\Cloud Services\Dropbox\Робота\PhoneCompany\phone-company)
2017-04-27 17:19:57.843 DEBUG 5096 --- [restartedMain] com.phonecompany.Application             : Running with Spring Boot v1.4.4.RELEASE, Spring v4.3.6.RELEASE
2017-04-27 17:19:57.844  INFO 5096 --- [restartedMain] com.phonecompany.Application             : No active profile set, falling back to default profiles: default
2017-04-27 17:20:02.777 DEBUG 5096 --- [restartedMain] com.phonecompany.util.ConfigManager      : Getting configuration from file: datasource-config.yml
2017-04-27 17:20:02.866 DEBUG 5096 --- [restartedMain] com.phonecompany.util.ConfigManager      : All profiles from the config file: [Profile{name='prod', dataSource=DataSourceInfo{url='jdbc:postgresql://ec2-23-23-244-83.compute-1.amazonaws.com:5432/d9860gpavsh57b?user=yzrllkhondutsx&password=99ecc04560666945bc95824b30d33b575478c323076284b6e4ea39362633dd4d&ssl=true&sslfactory=org.postgresql.ssl.NonValidatingFactory', driverClassName='org.postgresql.Driver', username='yzrllkhondutsx', password='99ecc04560666945bc95824b30d33b575478c323076284b6e4ea39362633dd4d', currentSchema='null'}}, Profile{name='dev', dataSource=DataSourceInfo{url='jdbc:postgresql://localhost:5432/phone-company?user=postgres&password=1111', driverClassName='org.postgresql.Driver', username='postgres', password='1111', currentSchema='null'}}]
2017-04-27 17:20:02.869 DEBUG 5096 --- [restartedMain] com.phonecompany.util.ConfigManager      : Active profile name: prod
2017-04-27 17:20:02.879 DEBUG 5096 --- [restartedMain] com.phonecompany.util.ConfigManager      : Active profile was set to: prod
2017-04-27 17:20:02.880 DEBUG 5096 --- [restartedMain] com.phonecompany.util.ConfigManager      : The following profile settings have been read: DataSourceInfo{url='jdbc:postgresql://ec2-23-23-244-83.compute-1.amazonaws.com:5432/d9860gpavsh57b?user=yzrllkhondutsx&password=99ecc04560666945bc95824b30d33b575478c323076284b6e4ea39362633dd4d&ssl=true&sslfactory=org.postgresql.ssl.NonValidatingFactory', driverClassName='org.postgresql.Driver', username='yzrllkhondutsx', password='99ecc04560666945bc95824b30d33b575478c323076284b6e4ea39362633dd4d', currentSchema='null'}
2017-04-27 17:20:03.294 DEBUG 5096 --- [restartedMain] com.phonecompany.util.DbManager          : Setting driver class name: org.postgresql.Driver
2017-04-27 17:20:03.295 DEBUG 5096 --- [restartedMain] com.phonecompany.util.DbManager          : Setting username: yzrllkhondutsx
2017-04-27 17:20:03.295 DEBUG 5096 --- [restartedMain] com.phonecompany.util.DbManager          : Setting password: 99ecc04560666945bc95824b30d33b575478c323076284b6e4ea39362633dd4d
2017-04-27 17:20:03.295 DEBUG 5096 --- [restartedMain] com.phonecompany.util.DbManager          : Setting url: jdbc:postgresql://ec2-23-23-244-83.compute-1.amazonaws.com:5432/d9860gpavsh57b?user=yzrllkhondutsx&password=99ecc04560666945bc95824b30d33b575478c323076284b6e4ea39362633dd4d&ssl=true&sslfactory=org.postgresql.ssl.NonValidatingFactory
2017-04-27 17:20:03.296 DEBUG 5096 --- [restartedMain] com.phonecompany.util.DbManager          : Setting max pool size to: 20
2017-04-27 17:20:07.525  INFO 5096 --- [restartedMain] com.phonecompany.Application             : Started Application in 10.327 seconds (JVM running for 11.002)
2017-04-27 17:20:22.466 DEBUG 5096 --- [http-nio-8090-exec-8] c.p.service.UserDetailsServiceImpl       : Try login: csr@gmail.com
2017-04-27 17:20:23.983 DEBUG 5096 --- [http-nio-8090-exec-8] c.p.service.UserDetailsServiceImpl       : User found by email: User{email='csr@gmail.com', password='dc76e9f0c0006e8f919e0c515c66dbba3982f785', role=CSR, status=ACTIVATED} DomainEntity{id=27}
2017-04-27 17:20:23.984 DEBUG 5096 --- [http-nio-8090-exec-8] c.p.service.UserDetailsServiceImpl       : User role: CSR
2017-04-27 17:20:23.999 DEBUG 5096 --- [http-nio-8090-exec-9] c.p.controller.UserController            : About to fetch currently logged in role
2017-04-27 17:20:31.974  INFO 5096 --- [http-nio-8090-exec-2] c.p.controller.CorporationController     : Retrieving all the users contained in the database
2017-04-27 17:20:32.005  INFO 5096 --- [http-nio-8090-exec-7] c.p.controller.CorporationController     : Retrieving all the users contained in the database
2017-04-27 17:22:06.033  INFO 3052 --- [restartedMain] com.phonecompany.Application             : Starting Application on nik9str-ПК with PID 3052 (started by nik9str in D:\Cloud Services\Dropbox\Робота\PhoneCompany\phone-company)
2017-04-27 17:22:06.043 DEBUG 3052 --- [restartedMain] com.phonecompany.Application             : Running with Spring Boot v1.4.4.RELEASE, Spring v4.3.6.RELEASE
2017-04-27 17:22:06.047  INFO 3052 --- [restartedMain] com.phonecompany.Application             : No active profile set, falling back to default profiles: default
2017-04-27 17:22:12.063 DEBUG 3052 --- [restartedMain] com.phonecompany.util.ConfigManager      : Getting configuration from file: datasource-config.yml
2017-04-27 17:22:12.191 DEBUG 3052 --- [restartedMain] com.phonecompany.util.ConfigManager      : All profiles from the config file: [Profile{name='prod', dataSource=DataSourceInfo{url='jdbc:postgresql://ec2-23-23-244-83.compute-1.amazonaws.com:5432/d9860gpavsh57b?user=yzrllkhondutsx&password=99ecc04560666945bc95824b30d33b575478c323076284b6e4ea39362633dd4d&ssl=true&sslfactory=org.postgresql.ssl.NonValidatingFactory', driverClassName='org.postgresql.Driver', username='yzrllkhondutsx', password='99ecc04560666945bc95824b30d33b575478c323076284b6e4ea39362633dd4d', currentSchema='null'}}, Profile{name='dev', dataSource=DataSourceInfo{url='jdbc:postgresql://localhost:5432/phone-company?user=postgres&password=1111', driverClassName='org.postgresql.Driver', username='postgres', password='1111', currentSchema='null'}}]
2017-04-27 17:22:12.195 DEBUG 3052 --- [restartedMain] com.phonecompany.util.ConfigManager      : Active profile name: prod
2017-04-27 17:22:12.210 DEBUG 3052 --- [restartedMain] com.phonecompany.util.ConfigManager      : Active profile was set to: prod
2017-04-27 17:22:12.211 DEBUG 3052 --- [restartedMain] com.phonecompany.util.ConfigManager      : The following profile settings have been read: DataSourceInfo{url='jdbc:postgresql://ec2-23-23-244-83.compute-1.amazonaws.com:5432/d9860gpavsh57b?user=yzrllkhondutsx&password=99ecc04560666945bc95824b30d33b575478c323076284b6e4ea39362633dd4d&ssl=true&sslfactory=org.postgresql.ssl.NonValidatingFactory', driverClassName='org.postgresql.Driver', username='yzrllkhondutsx', password='99ecc04560666945bc95824b30d33b575478c323076284b6e4ea39362633dd4d', currentSchema='null'}
2017-04-27 17:22:12.551 DEBUG 3052 --- [restartedMain] com.phonecompany.util.DbManager          : Setting driver class name: org.postgresql.Driver
2017-04-27 17:22:12.552 DEBUG 3052 --- [restartedMain] com.phonecompany.util.DbManager          : Setting username: yzrllkhondutsx
2017-04-27 17:22:12.553 DEBUG 3052 --- [restartedMain] com.phonecompany.util.DbManager          : Setting password: 99ecc04560666945bc95824b30d33b575478c323076284b6e4ea39362633dd4d
2017-04-27 17:22:12.553 DEBUG 3052 --- [restartedMain] com.phonecompany.util.DbManager          : Setting url: jdbc:postgresql://ec2-23-23-244-83.compute-1.amazonaws.com:5432/d9860gpavsh57b?user=yzrllkhondutsx&password=99ecc04560666945bc95824b30d33b575478c323076284b6e4ea39362633dd4d&ssl=true&sslfactory=org.postgresql.ssl.NonValidatingFactory
2017-04-27 17:22:12.554 DEBUG 3052 --- [restartedMain] com.phonecompany.util.DbManager          : Setting max pool size to: 20
2017-04-27 17:22:17.147  INFO 3052 --- [restartedMain] com.phonecompany.Application             : Started Application in 12.192 seconds (JVM running for 13.163)
2017-04-27 17:57:14.378 DEBUG 3052 --- [http-nio-8090-exec-10] c.p.service.UserDetailsServiceImpl       : Try login: csr@gmail.com
2017-04-27 17:57:16.052 DEBUG 3052 --- [http-nio-8090-exec-10] c.p.service.UserDetailsServiceImpl       : User found by email: User{email='csr@gmail.com', password='dc76e9f0c0006e8f919e0c515c66dbba3982f785', role=CSR, status=ACTIVATED} DomainEntity{id=27}
2017-04-27 17:57:16.052 DEBUG 3052 --- [http-nio-8090-exec-10] c.p.service.UserDetailsServiceImpl       : User role: CSR
2017-04-27 17:57:16.067 DEBUG 3052 --- [http-nio-8090-exec-8] c.p.controller.UserController            : About to fetch currently logged in role
2017-04-27 17:57:18.382  INFO 3052 --- [http-nio-8090-exec-1] c.p.controller.CorporationController     : Retrieving all the users contained in the database
2017-04-27 17:57:18.580  INFO 3052 --- [http-nio-8090-exec-1] c.p.controller.CorporationController     : Corporates fetched from the database: [DomainEntity{id=1}, DomainEntity{id=2}]
2017-04-27 17:57:18.607  INFO 3052 --- [http-nio-8090-exec-2] c.p.controller.CorporationController     : Retrieving all the users contained in the database
2017-04-27 17:57:18.743  INFO 3052 --- [http-nio-8090-exec-2] c.p.controller.CorporationController     : Corporates fetched from the database: [DomainEntity{id=1}, DomainEntity{id=2}]
2017-04-27 18:27:11.244  INFO 7248 --- [restartedMain] com.phonecompany.Application             : Starting Application on nik9str-ПК with PID 7248 (started by nik9str in D:\Cloud Services\Dropbox\Робота\PhoneCompany\phone-company)
2017-04-27 18:27:11.249 DEBUG 7248 --- [restartedMain] com.phonecompany.Application             : Running with Spring Boot v1.4.4.RELEASE, Spring v4.3.6.RELEASE
2017-04-27 18:27:11.250  INFO 7248 --- [restartedMain] com.phonecompany.Application             : No active profile set, falling back to default profiles: default
2017-04-27 18:27:16.351 DEBUG 7248 --- [restartedMain] com.phonecompany.util.ConfigManager      : Getting configuration from file: datasource-config.yml
2017-04-27 18:27:16.470 DEBUG 7248 --- [restartedMain] com.phonecompany.util.ConfigManager      : All profiles from the config file: [Profile{name='prod', dataSource=DataSourceInfo{url='jdbc:postgresql://ec2-23-23-244-83.compute-1.amazonaws.com:5432/d9860gpavsh57b?user=yzrllkhondutsx&password=99ecc04560666945bc95824b30d33b575478c323076284b6e4ea39362633dd4d&ssl=true&sslfactory=org.postgresql.ssl.NonValidatingFactory', driverClassName='org.postgresql.Driver', username='yzrllkhondutsx', password='99ecc04560666945bc95824b30d33b575478c323076284b6e4ea39362633dd4d', currentSchema='null'}}, Profile{name='dev', dataSource=DataSourceInfo{url='jdbc:postgresql://localhost:5432/phone-company?user=postgres&password=1111', driverClassName='org.postgresql.Driver', username='postgres', password='1111', currentSchema='null'}}]
2017-04-27 18:27:16.473 DEBUG 7248 --- [restartedMain] com.phonecompany.util.ConfigManager      : Active profile name: prod
2017-04-27 18:27:16.482 DEBUG 7248 --- [restartedMain] com.phonecompany.util.ConfigManager      : Active profile was set to: prod
2017-04-27 18:27:16.482 DEBUG 7248 --- [restartedMain] com.phonecompany.util.ConfigManager      : The following profile settings have been read: DataSourceInfo{url='jdbc:postgresql://ec2-23-23-244-83.compute-1.amazonaws.com:5432/d9860gpavsh57b?user=yzrllkhondutsx&password=99ecc04560666945bc95824b30d33b575478c323076284b6e4ea39362633dd4d&ssl=true&sslfactory=org.postgresql.ssl.NonValidatingFactory', driverClassName='org.postgresql.Driver', username='yzrllkhondutsx', password='99ecc04560666945bc95824b30d33b575478c323076284b6e4ea39362633dd4d', currentSchema='null'}
2017-04-27 18:27:16.717 DEBUG 7248 --- [restartedMain] com.phonecompany.util.DbManager          : Setting driver class name: org.postgresql.Driver
2017-04-27 18:27:16.717 DEBUG 7248 --- [restartedMain] com.phonecompany.util.DbManager          : Setting username: yzrllkhondutsx
2017-04-27 18:27:16.718 DEBUG 7248 --- [restartedMain] com.phonecompany.util.DbManager          : Setting password: 99ecc04560666945bc95824b30d33b575478c323076284b6e4ea39362633dd4d
2017-04-27 18:27:16.719 DEBUG 7248 --- [restartedMain] com.phonecompany.util.DbManager          : Setting url: jdbc:postgresql://ec2-23-23-244-83.compute-1.amazonaws.com:5432/d9860gpavsh57b?user=yzrllkhondutsx&password=99ecc04560666945bc95824b30d33b575478c323076284b6e4ea39362633dd4d&ssl=true&sslfactory=org.postgresql.ssl.NonValidatingFactory
2017-04-27 18:27:16.719 DEBUG 7248 --- [restartedMain] com.phonecompany.util.DbManager          : Setting max pool size to: 20
2017-04-27 18:27:20.699  INFO 7248 --- [restartedMain] com.phonecompany.Application             : Started Application in 10.151 seconds (JVM running for 10.889)
2017-04-27 18:30:10.260 DEBUG 7248 --- [http-nio-8090-exec-9] c.p.service.UserDetailsServiceImpl       : Try login: csr@gmail.com
2017-04-27 18:30:11.823 DEBUG 7248 --- [http-nio-8090-exec-9] c.p.service.UserDetailsServiceImpl       : User found by email: User{email='csr@gmail.com', password='dc76e9f0c0006e8f919e0c515c66dbba3982f785', role=CSR, status=ACTIVATED} DomainEntity{id=27}
2017-04-27 18:30:11.823 DEBUG 7248 --- [http-nio-8090-exec-9] c.p.service.UserDetailsServiceImpl       : User role: CSR
2017-04-27 18:30:11.838 DEBUG 7248 --- [http-nio-8090-exec-1] c.p.controller.UserController            : About to fetch currently logged in role
2017-04-27 18:30:14.014  INFO 7248 --- [http-nio-8090-exec-2] c.p.controller.CorporationController     : Retrieving all the users contained in the database
2017-04-27 18:30:14.157  INFO 7248 --- [http-nio-8090-exec-2] c.p.controller.CorporationController     : Corporates fetched from the database: [DomainEntity{id=1}, DomainEntity{id=2}]
2017-04-27 18:30:14.172  INFO 7248 --- [http-nio-8090-exec-4] c.p.controller.CorporationController     : Retrieving all the users contained in the database
2017-04-27 18:30:14.301  INFO 7248 --- [http-nio-8090-exec-4] c.p.controller.CorporationController     : Corporates fetched from the database: [DomainEntity{id=1}, DomainEntity{id=2}]
2017-04-27 18:30:23.950 DEBUG 7248 --- [http-nio-8090-exec-3] c.p.controller.CorporationController     : Corporate retrieved from the http request: DomainEntity{id=null}
2017-04-27 18:30:23.951 DEBUG 7248 --- [http-nio-8090-exec-3] com.phonecompany.dao.CrudDaoImpl         : Saving entity: DomainEntity{id=null}
2017-04-27 18:30:54.044  INFO 7248 --- [http-nio-8090-exec-5] c.p.controller.CorporationController     : Retrieving all the users contained in the database
2017-04-27 18:30:54.174  INFO 7248 --- [http-nio-8090-exec-5] c.p.controller.CorporationController     : Corporates fetched from the database: [DomainEntity{id=1}, DomainEntity{id=2}, DomainEntity{id=3}]
2017-04-27 18:30:54.180  INFO 7248 --- [http-nio-8090-exec-1] c.p.controller.CorporationController     : Retrieving all the users contained in the database
2017-04-27 18:30:54.308  INFO 7248 --- [http-nio-8090-exec-1] c.p.controller.CorporationController     : Corporates fetched from the database: [DomainEntity{id=1}, DomainEntity{id=2}, DomainEntity{id=3}]
2017-04-27 18:40:00.389  INFO 7248 --- [restartedMain] com.phonecompany.Application             : Starting Application on nik9str-ПК with PID 7248 (started by nik9str in D:\Cloud Services\Dropbox\Робота\PhoneCompany\phone-company)
2017-04-27 18:40:00.390 DEBUG 7248 --- [restartedMain] com.phonecompany.Application             : Running with Spring Boot v1.4.4.RELEASE, Spring v4.3.6.RELEASE
2017-04-27 18:40:00.390  INFO 7248 --- [restartedMain] com.phonecompany.Application             : No active profile set, falling back to default profiles: default
2017-04-27 18:40:02.515 DEBUG 7248 --- [restartedMain] com.phonecompany.util.ConfigManager      : Getting configuration from file: datasource-config.yml
2017-04-27 18:40:02.527 DEBUG 7248 --- [restartedMain] com.phonecompany.util.ConfigManager      : All profiles from the config file: [Profile{name='prod', dataSource=DataSourceInfo{url='jdbc:postgresql://ec2-23-23-244-83.compute-1.amazonaws.com:5432/d9860gpavsh57b?user=yzrllkhondutsx&password=99ecc04560666945bc95824b30d33b575478c323076284b6e4ea39362633dd4d&ssl=true&sslfactory=org.postgresql.ssl.NonValidatingFactory', driverClassName='org.postgresql.Driver', username='yzrllkhondutsx', password='99ecc04560666945bc95824b30d33b575478c323076284b6e4ea39362633dd4d', currentSchema='null'}}, Profile{name='dev', dataSource=DataSourceInfo{url='jdbc:postgresql://localhost:5432/phone-company?user=postgres&password=1111', driverClassName='org.postgresql.Driver', username='postgres', password='1111', currentSchema='null'}}]
2017-04-27 18:40:02.527 DEBUG 7248 --- [restartedMain] com.phonecompany.util.ConfigManager      : Active profile name: prod
2017-04-27 18:40:02.529 DEBUG 7248 --- [restartedMain] com.phonecompany.util.ConfigManager      : Active profile was set to: prod
2017-04-27 18:40:02.529 DEBUG 7248 --- [restartedMain] com.phonecompany.util.ConfigManager      : The following profile settings have been read: DataSourceInfo{url='jdbc:postgresql://ec2-23-23-244-83.compute-1.amazonaws.com:5432/d9860gpavsh57b?user=yzrllkhondutsx&password=99ecc04560666945bc95824b30d33b575478c323076284b6e4ea39362633dd4d&ssl=true&sslfactory=org.postgresql.ssl.NonValidatingFactory', driverClassName='org.postgresql.Driver', username='yzrllkhondutsx', password='99ecc04560666945bc95824b30d33b575478c323076284b6e4ea39362633dd4d', currentSchema='null'}
2017-04-27 18:40:02.558 DEBUG 7248 --- [restartedMain] com.phonecompany.util.DbManager          : Setting driver class name: org.postgresql.Driver
2017-04-27 18:40:02.559 DEBUG 7248 --- [restartedMain] com.phonecompany.util.DbManager          : Setting username: yzrllkhondutsx
2017-04-27 18:40:02.559 DEBUG 7248 --- [restartedMain] com.phonecompany.util.DbManager          : Setting password: 99ecc04560666945bc95824b30d33b575478c323076284b6e4ea39362633dd4d
2017-04-27 18:40:02.559 DEBUG 7248 --- [restartedMain] com.phonecompany.util.DbManager          : Setting url: jdbc:postgresql://ec2-23-23-244-83.compute-1.amazonaws.com:5432/d9860gpavsh57b?user=yzrllkhondutsx&password=99ecc04560666945bc95824b30d33b575478c323076284b6e4ea39362633dd4d&ssl=true&sslfactory=org.postgresql.ssl.NonValidatingFactory
2017-04-27 18:40:02.559 DEBUG 7248 --- [restartedMain] com.phonecompany.util.DbManager          : Setting max pool size to: 20
2017-04-27 18:40:04.060  INFO 7248 --- [restartedMain] com.phonecompany.Application             : Started Application in 3.885 seconds (JVM running for 774.225)
2017-04-27 18:41:44.773  INFO 7248 --- [http-nio-8090-exec-2] c.p.controller.CorporationController     : Retrieving all the corporations contained in the database
2017-04-27 18:41:46.031  INFO 7248 --- [http-nio-8090-exec-2] c.p.controller.CorporationController     : Corporates fetched from the database: [DomainEntity{id=1}, DomainEntity{id=2}]
2017-04-27 18:41:46.037  INFO 7248 --- [http-nio-8090-exec-10] c.p.controller.CorporationController     : Retrieving all the corporations contained in the database
2017-04-27 18:41:46.170  INFO 7248 --- [http-nio-8090-exec-10] c.p.controller.CorporationController     : Corporates fetched from the database: [DomainEntity{id=1}, DomainEntity{id=2}]
2017-04-27 18:43:50.929  INFO 7248 --- [restartedMain] com.phonecompany.Application             : Starting Application on nik9str-ПК with PID 7248 (started by nik9str in D:\Cloud Services\Dropbox\Робота\PhoneCompany\phone-company)
2017-04-27 18:43:50.930 DEBUG 7248 --- [restartedMain] com.phonecompany.Application             : Running with Spring Boot v1.4.4.RELEASE, Spring v4.3.6.RELEASE
2017-04-27 18:43:50.930  INFO 7248 --- [restartedMain] com.phonecompany.Application             : No active profile set, falling back to default profiles: default
2017-04-27 18:43:52.327 DEBUG 7248 --- [restartedMain] com.phonecompany.util.ConfigManager      : Getting configuration from file: datasource-config.yml
2017-04-27 18:43:52.335 DEBUG 7248 --- [restartedMain] com.phonecompany.util.ConfigManager      : All profiles from the config file: [Profile{name='prod', dataSource=DataSourceInfo{url='jdbc:postgresql://ec2-23-23-244-83.compute-1.amazonaws.com:5432/d9860gpavsh57b?user=yzrllkhondutsx&password=99ecc04560666945bc95824b30d33b575478c323076284b6e4ea39362633dd4d&ssl=true&sslfactory=org.postgresql.ssl.NonValidatingFactory', driverClassName='org.postgresql.Driver', username='yzrllkhondutsx', password='99ecc04560666945bc95824b30d33b575478c323076284b6e4ea39362633dd4d', currentSchema='null'}}, Profile{name='dev', dataSource=DataSourceInfo{url='jdbc:postgresql://localhost:5432/phone-company?user=postgres&password=1111', driverClassName='org.postgresql.Driver', username='postgres', password='1111', currentSchema='null'}}]
2017-04-27 18:43:52.335 DEBUG 7248 --- [restartedMain] com.phonecompany.util.ConfigManager      : Active profile name: prod
2017-04-27 18:43:52.337 DEBUG 7248 --- [restartedMain] com.phonecompany.util.ConfigManager      : Active profile was set to: prod
2017-04-27 18:43:52.338 DEBUG 7248 --- [restartedMain] com.phonecompany.util.ConfigManager      : The following profile settings have been read: DataSourceInfo{url='jdbc:postgresql://ec2-23-23-244-83.compute-1.amazonaws.com:5432/d9860gpavsh57b?user=yzrllkhondutsx&password=99ecc04560666945bc95824b30d33b575478c323076284b6e4ea39362633dd4d&ssl=true&sslfactory=org.postgresql.ssl.NonValidatingFactory', driverClassName='org.postgresql.Driver', username='yzrllkhondutsx', password='99ecc04560666945bc95824b30d33b575478c323076284b6e4ea39362633dd4d', currentSchema='null'}
2017-04-27 18:43:52.349 DEBUG 7248 --- [restartedMain] com.phonecompany.util.DbManager          : Setting driver class name: org.postgresql.Driver
2017-04-27 18:43:52.350 DEBUG 7248 --- [restartedMain] com.phonecompany.util.DbManager          : Setting username: yzrllkhondutsx
2017-04-27 18:43:52.374 DEBUG 7248 --- [restartedMain] com.phonecompany.util.DbManager          : Setting password: 99ecc04560666945bc95824b30d33b575478c323076284b6e4ea39362633dd4d
2017-04-27 18:43:52.374 DEBUG 7248 --- [restartedMain] com.phonecompany.util.DbManager          : Setting url: jdbc:postgresql://ec2-23-23-244-83.compute-1.amazonaws.com:5432/d9860gpavsh57b?user=yzrllkhondutsx&password=99ecc04560666945bc95824b30d33b575478c323076284b6e4ea39362633dd4d&ssl=true&sslfactory=org.postgresql.ssl.NonValidatingFactory
2017-04-27 18:43:52.374 DEBUG 7248 --- [restartedMain] com.phonecompany.util.DbManager          : Setting max pool size to: 20
2017-04-27 18:43:53.320  INFO 7248 --- [restartedMain] com.phonecompany.Application             : Started Application in 2.457 seconds (JVM running for 1003.476)
2017-04-27 18:43:55.050  INFO 7248 --- [http-nio-8090-exec-1] c.p.controller.CorporationController     : Retrieving all the corporations contained in the database
2017-04-27 18:43:56.261  INFO 7248 --- [http-nio-8090-exec-1] c.p.controller.CorporationController     : Corporates fetched from the database: [DomainEntity{id=1}, DomainEntity{id=2}]
2017-04-27 18:43:56.268  INFO 7248 --- [http-nio-8090-exec-2] c.p.controller.CorporationController     : Retrieving all the corporations contained in the database
2017-04-27 18:43:56.395  INFO 7248 --- [http-nio-8090-exec-2] c.p.controller.CorporationController     : Corporates fetched from the database: [DomainEntity{id=1}, DomainEntity{id=2}]
2017-04-27 18:44:00.482  INFO 7248 --- [http-nio-8090-exec-3] c.p.controller.CorporationController     : Retrieving all the corporations contained in the database
2017-04-27 18:44:00.613  INFO 7248 --- [http-nio-8090-exec-3] c.p.controller.CorporationController     : Corporates fetched from the database: [DomainEntity{id=1}, DomainEntity{id=2}]
2017-04-27 18:44:00.618  INFO 7248 --- [http-nio-8090-exec-4] c.p.controller.CorporationController     : Retrieving all the corporations contained in the database
2017-04-27 18:44:00.745  INFO 7248 --- [http-nio-8090-exec-4] c.p.controller.CorporationController     : Corporates fetched from the database: [DomainEntity{id=1}, DomainEntity{id=2}]
2017-04-27 18:50:23.460  INFO 7248 --- [restartedMain] com.phonecompany.Application             : Starting Application on nik9str-ПК with PID 7248 (started by nik9str in D:\Cloud Services\Dropbox\Робота\PhoneCompany\phone-company)
2017-04-27 18:50:23.461 DEBUG 7248 --- [restartedMain] com.phonecompany.Application             : Running with Spring Boot v1.4.4.RELEASE, Spring v4.3.6.RELEASE
2017-04-27 18:50:23.461  INFO 7248 --- [restartedMain] com.phonecompany.Application             : No active profile set, falling back to default profiles: default
2017-04-27 18:50:24.735 DEBUG 7248 --- [restartedMain] com.phonecompany.util.ConfigManager      : Getting configuration from file: datasource-config.yml
2017-04-27 18:50:24.745 DEBUG 7248 --- [restartedMain] com.phonecompany.util.ConfigManager      : All profiles from the config file: [Profile{name='prod', dataSource=DataSourceInfo{url='jdbc:postgresql://ec2-23-23-244-83.compute-1.amazonaws.com:5432/d9860gpavsh57b?user=yzrllkhondutsx&password=99ecc04560666945bc95824b30d33b575478c323076284b6e4ea39362633dd4d&ssl=true&sslfactory=org.postgresql.ssl.NonValidatingFactory', driverClassName='org.postgresql.Driver', username='yzrllkhondutsx', password='99ecc04560666945bc95824b30d33b575478c323076284b6e4ea39362633dd4d', currentSchema='null'}}, Profile{name='dev', dataSource=DataSourceInfo{url='jdbc:postgresql://localhost:5432/phone-company?user=postgres&password=1111', driverClassName='org.postgresql.Driver', username='postgres', password='1111', currentSchema='null'}}]
2017-04-27 18:50:24.746 DEBUG 7248 --- [restartedMain] com.phonecompany.util.ConfigManager      : Active profile name: prod
2017-04-27 18:50:24.748 DEBUG 7248 --- [restartedMain] com.phonecompany.util.ConfigManager      : Active profile was set to: prod
2017-04-27 18:50:24.748 DEBUG 7248 --- [restartedMain] com.phonecompany.util.ConfigManager      : The following profile settings have been read: DataSourceInfo{url='jdbc:postgresql://ec2-23-23-244-83.compute-1.amazonaws.com:5432/d9860gpavsh57b?user=yzrllkhondutsx&password=99ecc04560666945bc95824b30d33b575478c323076284b6e4ea39362633dd4d&ssl=true&sslfactory=org.postgresql.ssl.NonValidatingFactory', driverClassName='org.postgresql.Driver', username='yzrllkhondutsx', password='99ecc04560666945bc95824b30d33b575478c323076284b6e4ea39362633dd4d', currentSchema='null'}
2017-04-27 18:50:24.759 DEBUG 7248 --- [restartedMain] com.phonecompany.util.DbManager          : Setting driver class name: org.postgresql.Driver
2017-04-27 18:50:24.759 DEBUG 7248 --- [restartedMain] com.phonecompany.util.DbManager          : Setting username: yzrllkhondutsx
2017-04-27 18:50:24.759 DEBUG 7248 --- [restartedMain] com.phonecompany.util.DbManager          : Setting password: 99ecc04560666945bc95824b30d33b575478c323076284b6e4ea39362633dd4d
2017-04-27 18:50:24.759 DEBUG 7248 --- [restartedMain] com.phonecompany.util.DbManager          : Setting url: jdbc:postgresql://ec2-23-23-244-83.compute-1.amazonaws.com:5432/d9860gpavsh57b?user=yzrllkhondutsx&password=99ecc04560666945bc95824b30d33b575478c323076284b6e4ea39362633dd4d&ssl=true&sslfactory=org.postgresql.ssl.NonValidatingFactory
2017-04-27 18:50:24.759 DEBUG 7248 --- [restartedMain] com.phonecompany.util.DbManager          : Setting max pool size to: 20
2017-04-27 18:50:25.776  INFO 7248 --- [restartedMain] com.phonecompany.Application             : Started Application in 2.382 seconds (JVM running for 1395.918)
2017-04-27 18:50:30.428  INFO 7248 --- [http-nio-8090-exec-1] c.p.controller.CorporationController     : Retrieving all the corporations contained in the database
2017-04-27 18:50:31.695  INFO 7248 --- [http-nio-8090-exec-1] c.p.controller.CorporationController     : Corporates fetched from the database: [DomainEntity{id=1}, DomainEntity{id=2}]
2017-04-27 18:50:31.702  INFO 7248 --- [http-nio-8090-exec-6] c.p.controller.CorporationController     : Retrieving all the corporations contained in the database
2017-04-27 18:50:31.878  INFO 7248 --- [http-nio-8090-exec-6] c.p.controller.CorporationController     : Corporates fetched from the database: [DomainEntity{id=1}, DomainEntity{id=2}]
2017-04-27 18:53:12.482 DEBUG 7248 --- [http-nio-8090-exec-4] c.p.controller.CorporationController     : Corporate retrieved from the http request: DomainEntity{id=null}
2017-04-27 18:53:12.483 DEBUG 7248 --- [http-nio-8090-exec-4] com.phonecompany.dao.CrudDaoImpl         : Saving entity: DomainEntity{id=null}
2017-04-27 19:04:43.123  INFO 7248 --- [restartedMain] com.phonecompany.Application             : Starting Application on nik9str-ПК with PID 7248 (started by nik9str in D:\Cloud Services\Dropbox\Робота\PhoneCompany\phone-company)
2017-04-27 19:04:43.123 DEBUG 7248 --- [restartedMain] com.phonecompany.Application             : Running with Spring Boot v1.4.4.RELEASE, Spring v4.3.6.RELEASE
2017-04-27 19:04:43.123  INFO 7248 --- [restartedMain] com.phonecompany.Application             : No active profile set, falling back to default profiles: default
2017-04-27 19:04:44.591 DEBUG 7248 --- [restartedMain] com.phonecompany.util.ConfigManager      : Getting configuration from file: datasource-config.yml
2017-04-27 19:04:44.600 DEBUG 7248 --- [restartedMain] com.phonecompany.util.ConfigManager      : All profiles from the config file: [Profile{name='prod', dataSource=DataSourceInfo{url='jdbc:postgresql://ec2-23-23-244-83.compute-1.amazonaws.com:5432/d9860gpavsh57b?user=yzrllkhondutsx&password=99ecc04560666945bc95824b30d33b575478c323076284b6e4ea39362633dd4d&ssl=true&sslfactory=org.postgresql.ssl.NonValidatingFactory', driverClassName='org.postgresql.Driver', username='yzrllkhondutsx', password='99ecc04560666945bc95824b30d33b575478c323076284b6e4ea39362633dd4d', currentSchema='null'}}, Profile{name='dev', dataSource=DataSourceInfo{url='jdbc:postgresql://localhost:5432/phone-company?user=postgres&password=1111', driverClassName='org.postgresql.Driver', username='postgres', password='1111', currentSchema='null'}}]
2017-04-27 19:04:44.616 DEBUG 7248 --- [restartedMain] com.phonecompany.util.ConfigManager      : Active profile name: prod
2017-04-27 19:04:44.618 DEBUG 7248 --- [restartedMain] com.phonecompany.util.ConfigManager      : Active profile was set to: prod
2017-04-27 19:04:44.619 DEBUG 7248 --- [restartedMain] com.phonecompany.util.ConfigManager      : The following profile settings have been read: DataSourceInfo{url='jdbc:postgresql://ec2-23-23-244-83.compute-1.amazonaws.com:5432/d9860gpavsh57b?user=yzrllkhondutsx&password=99ecc04560666945bc95824b30d33b575478c323076284b6e4ea39362633dd4d&ssl=true&sslfactory=org.postgresql.ssl.NonValidatingFactory', driverClassName='org.postgresql.Driver', username='yzrllkhondutsx', password='99ecc04560666945bc95824b30d33b575478c323076284b6e4ea39362633dd4d', currentSchema='null'}
2017-04-27 19:04:44.630 DEBUG 7248 --- [restartedMain] com.phonecompany.util.DbManager          : Setting driver class name: org.postgresql.Driver
2017-04-27 19:04:44.630 DEBUG 7248 --- [restartedMain] com.phonecompany.util.DbManager          : Setting username: yzrllkhondutsx
2017-04-27 19:04:44.630 DEBUG 7248 --- [restartedMain] com.phonecompany.util.DbManager          : Setting password: 99ecc04560666945bc95824b30d33b575478c323076284b6e4ea39362633dd4d
2017-04-27 19:04:44.630 DEBUG 7248 --- [restartedMain] com.phonecompany.util.DbManager          : Setting url: jdbc:postgresql://ec2-23-23-244-83.compute-1.amazonaws.com:5432/d9860gpavsh57b?user=yzrllkhondutsx&password=99ecc04560666945bc95824b30d33b575478c323076284b6e4ea39362633dd4d&ssl=true&sslfactory=org.postgresql.ssl.NonValidatingFactory
2017-04-27 19:04:44.630 DEBUG 7248 --- [restartedMain] com.phonecompany.util.DbManager          : Setting max pool size to: 20
2017-04-27 19:04:45.982  INFO 7248 --- [restartedMain] com.phonecompany.Application             : Started Application in 2.908 seconds (JVM running for 2256.095)
2017-04-27 19:04:48.606  INFO 7248 --- [http-nio-8090-exec-5] c.p.controller.CorporationController     : Retrieving all the corporations contained in the database
2017-04-27 19:04:49.863  INFO 7248 --- [http-nio-8090-exec-5] c.p.controller.CorporationController     : Corporates fetched from the database: [DomainEntity{id=1}, DomainEntity{id=2}, DomainEntity{id=4}]
2017-04-27 19:04:49.870  INFO 7248 --- [http-nio-8090-exec-10] c.p.controller.CorporationController     : Retrieving all the corporations contained in the database
2017-04-27 19:04:50.001  INFO 7248 --- [http-nio-8090-exec-10] c.p.controller.CorporationController     : Corporates fetched from the database: [DomainEntity{id=1}, DomainEntity{id=2}, DomainEntity{id=4}]
